<?xml version="1.0" encoding="UTF-8"?>
<!-- Generated by org.testng.reporters.JUnitXMLReporter -->
<testsuite hostname="DESKTOP-B3279NG" ignored="2" name="TestNG-test2" tests="3" failures="0" timestamp="30 Aug 2020 10:25:50 GMT" time="0.046" errors="0">
  <testcase name="secondTest" time="0.005" classname="com.TestNG.TestNG_Flow"/>
  <testcase name="firstTest" time="0.006" classname="com.TestNG.TestNG_Flow"/>
  <testcase name="thirdTest" time="0.009" classname="com.TestNG.TestNG_Flow"/>
  <testcase name="testPrintMessage" time="0.0" classname="com.TestNG.TestNG_Flow">
    <ignored/>
  </testcase> <!-- testPrintMessage -->
  <testcase name="forthTest" time="0.0" classname="com.TestNG.TestNG_Flow">
    <ignored/>
  </testcase> <!-- forthTest -->
</testsuite> <!-- TestNG-test2 -->
