<?xml version="1.0" encoding="UTF-8"?>
<!-- Generated by org.testng.reporters.JUnitXMLReporter -->
<testsuite hostname="DESKTOP-B3279NG" ignored="1" name="TestngAnnotation-test1" tests="3" failures="1" timestamp="30 Aug 2020 10:25:49 GMT" time="0.256" errors="0">
  <testcase name="testCase2" time="0.05" classname="com.TestNG.TestngAnnotation"/>
  <testcase name="testCase5" time="0.006" classname="com.TestNG.TestngAnnotation">
    <failure type="java.lang.NullPointerException">
      <![CDATA[java.lang.NullPointerException
at com.TestNG.TestngAnnotation.testCase5(TestngAnnotation.java:63)
... Removed 25 stack frames]]>
    </failure>
  </testcase> <!-- testCase5 -->
  <testcase name="testCase4" time="0.0" classname="com.TestNG.TestngAnnotation">
    <skipped/>
  </testcase> <!-- testCase4 -->
  <testcase name="testCase1" time="0.0" classname="com.TestNG.TestngAnnotation">
    <ignored/>
  </testcase> <!-- testCase1 -->
</testsuite> <!-- TestngAnnotation-test1 -->
